The request analysis.setContextRoots failed with the following error:
RequestErrorCode.PLUGIN_ERROR
Failed to read pubspec.yaml at /Users/joshuahoban/personal/Inzultz/functions:
PathNotFoundException: Cannot open file, path = '/Users/joshuahoban/personal/Inzultz/functions/pubspec.yaml' (OS Error: No such file or directory, errno = 2)
#0      _checkForErrorResponse (dart:io/common.dart:55:9)
#1      _File.open.<anonymous closure> (dart:io/file_impl.dart:381:7)
#2      _rootRunUnary (dart:async/zone.dart:1407:47)
#3      _CustomZone.runUnary (dart:async/zone.dart:1308:19)
<asynchronous suspension>
#4      _File.readAsBytes.<anonymous closure> (dart:io/file_impl.dart:562:24)
<asynchronous suspension>
#5      _File.readAsString (dart:io/file_impl.dart:621:18)
<asynchronous suspension>
#6      parsePubspec (package:custom_lint/src/package_utils.dart:84:24)
<asynchronous suspension>
#7      CustomLintProject.parse (package:custom_lint/src/workspace.dart:980:28)
<asynchronous suspension>
#8      Future.wait.<anonymous closure> (dart:async/future.dart:518:21)
<asynchronous suspension>
#9      CustomLintWorkspace.fromContextRoots (package:custom_lint/src/workspace.dart:487:22)
<asynchronous suspension>
#10     SocketCustomLintServerToClientChannel.create (package:custom_lint/src/v2/server_to_client_channel.dart:54:23)
<asynchronous suspension>
#11     CustomLintServer._maybeSpawnCustomLintPlugin (package:custom_lint/src/v2/custom_lint_analyzer_plugin.dart:347:23)
<asynchronous suspension>
#12     CustomLintServer._handleAnalysisSetContextRoots.<anonymous closure> (package:custom_lint/src/v2/custom_lint_analyzer_plugin.dart:328:9)
<asynchronous suspension>
#13     PendingOperation.run (package:custom_lint/src/async_operation.dart:22:14)
<asynchronous suspension>
#14     CustomLintServer._handleRequest (package:custom_lint/src/v2/custom_lint_analyzer_plugin.dart:160:22)
<asynchronous suspension>

at:
#0      CustomLintProject.parse.<anonymous closure> (package:custom_lint/src/workspace.dart:983:7)
#1      _rootRunBinary (dart:async/zone.dart:1423:47)
#2      _CustomZone.runBinary (dart:async/zone.dart:1315:19)
#3      _FutureListener.handleError (dart:async/future_impl.dart:177:22)
#4      Future._propagateToListeners.handleError (dart:async/future_impl.dart:850:47)
#5      Future._propagateToListeners (dart:async/future_impl.dart:871:13)
#6      Future._completeError (dart:async/future_impl.dart:651:5)
<asynchronous suspension>

The request analysis.setSubscriptions failed with the following error:
RequestErrorCode.PLUGIN_ERROR
Failed to read pubspec.yaml at /Users/joshuahoban/personal/Inzultz/functions:
PathNotFoundException: Cannot open file, path = '/Users/joshuahoban/personal/Inzultz/functions/pubspec.yaml' (OS Error: No such file or directory, errno = 2)
#0      _checkForErrorResponse (dart:io/common.dart:55:9)
#1      _File.open.<anonymous closure> (dart:io/file_impl.dart:381:7)
#2      _rootRunUnary (dart:async/zone.dart:1407:47)
#3      _CustomZone.runUnary (dart:async/zone.dart:1308:19)
<asynchronous suspension>
#4      _File.readAsBytes.<anonymous closure> (dart:io/file_impl.dart:562:24)
<asynchronous suspension>
#5      _File.readAsString (dart:io/file_impl.dart:621:18)
<asynchronous suspension>
#6      parsePubspec (package:custom_lint/src/package_utils.dart:84:24)
<asynchronous suspension>
#7      CustomLintProject.parse (package:custom_lint/src/workspace.dart:980:28)
<asynchronous suspension>
#8      Future.wait.<anonymous closure> (dart:async/future.dart:518:21)
<asynchronous suspension>
#9      CustomLintWorkspace.fromContextRoots (package:custom_lint/src/workspace.dart:487:22)
<asynchronous suspension>
#10     SocketCustomLintServerToClientChannel.create (package:custom_lint/src/v2/server_to_client_channel.dart:54:23)
<asynchronous suspension>
#11     CustomLintServer._maybeSpawnCustomLintPlugin (package:custom_lint/src/v2/custom_lint_analyzer_plugin.dart:347:23)
<asynchronous suspension>
#12     CustomLintServer._handleAnalysisSetContextRoots.<anonymous closure> (package:custom_lint/src/v2/custom_lint_analyzer_plugin.dart:328:9)
<asynchronous suspension>
#13     PendingOperation.run (package:custom_lint/src/async_operation.dart:22:14)
<asynchronous suspension>
#14     CustomLintServer._handleRequest (package:custom_lint/src/v2/custom_lint_analyzer_plugin.dart:160:22)
<asynchronous suspension>

at:
#0      CustomLintProject.parse.<anonymous closure> (package:custom_lint/src/workspace.dart:983:7)
#1      _rootRunBinary (dart:async/zone.dart:1423:47)
#2      _CustomZone.runBinary (dart:async/zone.dart:1315:19)
#3      _FutureListener.handleError (dart:async/future_impl.dart:177:22)
#4      Future._propagateToListeners.handleError (dart:async/future_impl.dart:850:47)
#5      Future._propagateToListeners (dart:async/future_impl.dart:871:13)
#6      Future._completeError (dart:async/future_impl.dart:651:5)
<asynchronous suspension>

The request analysis.updateContent failed with the following error:
RequestErrorCode.PLUGIN_ERROR
Failed to read pubspec.yaml at /Users/joshuahoban/personal/Inzultz/functions:
PathNotFoundException: Cannot open file, path = '/Users/joshuahoban/personal/Inzultz/functions/pubspec.yaml' (OS Error: No such file or directory, errno = 2)
#0      _checkForErrorResponse (dart:io/common.dart:55:9)
#1      _File.open.<anonymous closure> (dart:io/file_impl.dart:381:7)
#2      _rootRunUnary (dart:async/zone.dart:1407:47)
#3      _CustomZone.runUnary (dart:async/zone.dart:1308:19)
<asynchronous suspension>
#4      _File.readAsBytes.<anonymous closure> (dart:io/file_impl.dart:562:24)
<asynchronous suspension>
#5      _File.readAsString (dart:io/file_impl.dart:621:18)
<asynchronous suspension>
#6      parsePubspec (package:custom_lint/src/package_utils.dart:84:24)
<asynchronous suspension>
#7      CustomLintProject.parse (package:custom_lint/src/workspace.dart:980:28)
<asynchronous suspension>
#8      Future.wait.<anonymous closure> (dart:async/future.dart:518:21)
<asynchronous suspension>
#9      CustomLintWorkspace.fromContextRoots (package:custom_lint/src/workspace.dart:487:22)
<asynchronous suspension>
#10     SocketCustomLintServerToClientChannel.create (package:custom_lint/src/v2/server_to_client_channel.dart:54:23)
<asynchronous suspension>
#11     CustomLintServer._maybeSpawnCustomLintPlugin (package:custom_lint/src/v2/custom_lint_analyzer_plugin.dart:347:23)
<asynchronous suspension>
#12     CustomLintServer._handleAnalysisSetContextRoots.<anonymous closure> (package:custom_lint/src/v2/custom_lint_analyzer_plugin.dart:328:9)
<asynchronous suspension>
#13     PendingOperation.run (package:custom_lint/src/async_operation.dart:22:14)
<asynchronous suspension>
#14     CustomLintServer._handleRequest (package:custom_lint/src/v2/custom_lint_analyzer_plugin.dart:160:22)
<asynchronous suspension>

at:
#0      CustomLintProject.parse.<anonymous closure> (package:custom_lint/src/workspace.dart:983:7)
#1      _rootRunBinary (dart:async/zone.dart:1423:47)
#2      _CustomZone.runBinary (dart:async/zone.dart:1315:19)
#3      _FutureListener.handleError (dart:async/future_impl.dart:177:22)
#4      Future._propagateToListeners.handleError (dart:async/future_impl.dart:850:47)
#5      Future._propagateToListeners (dart:async/future_impl.dart:871:13)
#6      Future._completeError (dart:async/future_impl.dart:651:5)
<asynchronous suspension>

The request analysis.setPriorityFiles failed with the following error:
RequestErrorCode.PLUGIN_ERROR
Failed to read pubspec.yaml at /Users/joshuahoban/personal/Inzultz/functions:
PathNotFoundException: Cannot open file, path = '/Users/joshuahoban/personal/Inzultz/functions/pubspec.yaml' (OS Error: No such file or directory, errno = 2)
#0      _checkForErrorResponse (dart:io/common.dart:55:9)
#1      _File.open.<anonymous closure> (dart:io/file_impl.dart:381:7)
#2      _rootRunUnary (dart:async/zone.dart:1407:47)
#3      _CustomZone.runUnary (dart:async/zone.dart:1308:19)
<asynchronous suspension>
#4      _File.readAsBytes.<anonymous closure> (dart:io/file_impl.dart:562:24)
<asynchronous suspension>
#5      _File.readAsString (dart:io/file_impl.dart:621:18)
<asynchronous suspension>
#6      parsePubspec (package:custom_lint/src/package_utils.dart:84:24)
<asynchronous suspension>
#7      CustomLintProject.parse (package:custom_lint/src/workspace.dart:980:28)
<asynchronous suspension>
#8      Future.wait.<anonymous closure> (dart:async/future.dart:518:21)
<asynchronous suspension>
#9      CustomLintWorkspace.fromContextRoots (package:custom_lint/src/workspace.dart:487:22)
<asynchronous suspension>
#10     SocketCustomLintServerToClientChannel.create (package:custom_lint/src/v2/server_to_client_channel.dart:54:23)
<asynchronous suspension>
#11     CustomLintServer._maybeSpawnCustomLintPlugin (package:custom_lint/src/v2/custom_lint_analyzer_plugin.dart:347:23)
<asynchronous suspension>
#12     CustomLintServer._handleAnalysisSetContextRoots.<anonymous closure> (package:custom_lint/src/v2/custom_lint_analyzer_plugin.dart:328:9)
<asynchronous suspension>
#13     PendingOperation.run (package:custom_lint/src/async_operation.dart:22:14)
<asynchronous suspension>
#14     CustomLintServer._handleRequest (package:custom_lint/src/v2/custom_lint_analyzer_plugin.dart:160:22)
<asynchronous suspension>

at:
#0      CustomLintProject.parse.<anonymous closure> (package:custom_lint/src/workspace.dart:983:7)
#1      _rootRunBinary (dart:async/zone.dart:1423:47)
#2      _CustomZone.runBinary (dart:async/zone.dart:1315:19)
#3      _FutureListener.handleError (dart:async/future_impl.dart:177:22)
#4      Future._propagateToListeners.handleError (dart:async/future_impl.dart:850:47)
#5      Future._propagateToListeners (dart:async/future_impl.dart:871:13)
#6      Future._completeError (dart:async/future_impl.dart:651:5)
<asynchronous suspension>

The request analysis.updateContent failed with the following error:
RequestErrorCode.PLUGIN_ERROR
Failed to read pubspec.yaml at /Users/joshuahoban/personal/Inzultz/functions:
PathNotFoundException: Cannot open file, path = '/Users/joshuahoban/personal/Inzultz/functions/pubspec.yaml' (OS Error: No such file or directory, errno = 2)
#0      _checkForErrorResponse (dart:io/common.dart:55:9)
#1      _File.open.<anonymous closure> (dart:io/file_impl.dart:381:7)
#2      _rootRunUnary (dart:async/zone.dart:1407:47)
#3      _CustomZone.runUnary (dart:async/zone.dart:1308:19)
<asynchronous suspension>
#4      _File.readAsBytes.<anonymous closure> (dart:io/file_impl.dart:562:24)
<asynchronous suspension>
#5      _File.readAsString (dart:io/file_impl.dart:621:18)
<asynchronous suspension>
#6      parsePubspec (package:custom_lint/src/package_utils.dart:84:24)
<asynchronous suspension>
#7      CustomLintProject.parse (package:custom_lint/src/workspace.dart:980:28)
<asynchronous suspension>
#8      Future.wait.<anonymous closure> (dart:async/future.dart:518:21)
<asynchronous suspension>
#9      CustomLintWorkspace.fromContextRoots (package:custom_lint/src/workspace.dart:487:22)
<asynchronous suspension>
#10     SocketCustomLintServerToClientChannel.create (package:custom_lint/src/v2/server_to_client_channel.dart:54:23)
<asynchronous suspension>
#11     CustomLintServer._maybeSpawnCustomLintPlugin (package:custom_lint/src/v2/custom_lint_analyzer_plugin.dart:347:23)
<asynchronous suspension>
#12     CustomLintServer._handleAnalysisSetContextRoots.<anonymous closure> (package:custom_lint/src/v2/custom_lint_analyzer_plugin.dart:328:9)
<asynchronous suspension>
#13     PendingOperation.run (package:custom_lint/src/async_operation.dart:22:14)
<asynchronous suspension>
#14     CustomLintServer._handleRequest (package:custom_lint/src/v2/custom_lint_analyzer_plugin.dart:160:22)
<asynchronous suspension>

at:
#0      CustomLintProject.parse.<anonymous closure> (package:custom_lint/src/workspace.dart:983:7)
#1      _rootRunBinary (dart:async/zone.dart:1423:47)
#2      _CustomZone.runBinary (dart:async/zone.dart:1315:19)
#3      _FutureListener.handleError (dart:async/future_impl.dart:177:22)
#4      Future._propagateToListeners.handleError (dart:async/future_impl.dart:850:47)
#5      Future._propagateToListeners (dart:async/future_impl.dart:871:13)
#6      Future._completeError (dart:async/future_impl.dart:651:5)
<asynchronous suspension>

The request analysis.setPriorityFiles failed with the following error:
RequestErrorCode.PLUGIN_ERROR
Failed to read pubspec.yaml at /Users/joshuahoban/personal/Inzultz/functions:
PathNotFoundException: Cannot open file, path = '/Users/joshuahoban/personal/Inzultz/functions/pubspec.yaml' (OS Error: No such file or directory, errno = 2)
#0      _checkForErrorResponse (dart:io/common.dart:55:9)
#1      _File.open.<anonymous closure> (dart:io/file_impl.dart:381:7)
#2      _rootRunUnary (dart:async/zone.dart:1407:47)
#3      _CustomZone.runUnary (dart:async/zone.dart:1308:19)
<asynchronous suspension>
#4      _File.readAsBytes.<anonymous closure> (dart:io/file_impl.dart:562:24)
<asynchronous suspension>
#5      _File.readAsString (dart:io/file_impl.dart:621:18)
<asynchronous suspension>
#6      parsePubspec (package:custom_lint/src/package_utils.dart:84:24)
<asynchronous suspension>
#7      CustomLintProject.parse (package:custom_lint/src/workspace.dart:980:28)
<asynchronous suspension>
#8      Future.wait.<anonymous closure> (dart:async/future.dart:518:21)
<asynchronous suspension>
#9      CustomLintWorkspace.fromContextRoots (package:custom_lint/src/workspace.dart:487:22)
<asynchronous suspension>
#10     SocketCustomLintServerToClientChannel.create (package:custom_lint/src/v2/server_to_client_channel.dart:54:23)
<asynchronous suspension>
#11     CustomLintServer._maybeSpawnCustomLintPlugin (package:custom_lint/src/v2/custom_lint_analyzer_plugin.dart:347:23)
<asynchronous suspension>
#12     CustomLintServer._handleAnalysisSetContextRoots.<anonymous closure> (package:custom_lint/src/v2/custom_lint_analyzer_plugin.dart:328:9)
<asynchronous suspension>
#13     PendingOperation.run (package:custom_lint/src/async_operation.dart:22:14)
<asynchronous suspension>
#14     CustomLintServer._handleRequest (package:custom_lint/src/v2/custom_lint_analyzer_plugin.dart:160:22)
<asynchronous suspension>

at:
#0      CustomLintProject.parse.<anonymous closure> (package:custom_lint/src/workspace.dart:983:7)
#1      _rootRunBinary (dart:async/zone.dart:1423:47)
#2      _CustomZone.runBinary (dart:async/zone.dart:1315:19)
#3      _FutureListener.handleError (dart:async/future_impl.dart:177:22)
#4      Future._propagateToListeners.handleError (dart:async/future_impl.dart:850:47)
#5      Future._propagateToListeners (dart:async/future_impl.dart:871:13)
#6      Future._completeError (dart:async/future_impl.dart:651:5)
<asynchronous suspension>

The request analysis.setSubscriptions failed with the following error:
RequestErrorCode.PLUGIN_ERROR
Failed to read pubspec.yaml at /Users/joshuahoban/personal/Inzultz/functions:
PathNotFoundException: Cannot open file, path = '/Users/joshuahoban/personal/Inzultz/functions/pubspec.yaml' (OS Error: No such file or directory, errno = 2)
#0      _checkForErrorResponse (dart:io/common.dart:55:9)
#1      _File.open.<anonymous closure> (dart:io/file_impl.dart:381:7)
#2      _rootRunUnary (dart:async/zone.dart:1407:47)
#3      _CustomZone.runUnary (dart:async/zone.dart:1308:19)
<asynchronous suspension>
#4      _File.readAsBytes.<anonymous closure> (dart:io/file_impl.dart:562:24)
<asynchronous suspension>
#5      _File.readAsString (dart:io/file_impl.dart:621:18)
<asynchronous suspension>
#6      parsePubspec (package:custom_lint/src/package_utils.dart:84:24)
<asynchronous suspension>
#7      CustomLintProject.parse (package:custom_lint/src/workspace.dart:980:28)
<asynchronous suspension>
#8      Future.wait.<anonymous closure> (dart:async/future.dart:518:21)
<asynchronous suspension>
#9      CustomLintWorkspace.fromContextRoots (package:custom_lint/src/workspace.dart:487:22)
<asynchronous suspension>
#10     SocketCustomLintServerToClientChannel.create (package:custom_lint/src/v2/server_to_client_channel.dart:54:23)
<asynchronous suspension>
#11     CustomLintServer._maybeSpawnCustomLintPlugin (package:custom_lint/src/v2/custom_lint_analyzer_plugin.dart:347:23)
<asynchronous suspension>
#12     CustomLintServer._handleAnalysisSetContextRoots.<anonymous closure> (package:custom_lint/src/v2/custom_lint_analyzer_plugin.dart:328:9)
<asynchronous suspension>
#13     PendingOperation.run (package:custom_lint/src/async_operation.dart:22:14)
<asynchronous suspension>
#14     CustomLintServer._handleRequest (package:custom_lint/src/v2/custom_lint_analyzer_plugin.dart:160:22)
<asynchronous suspension>

at:
#0      CustomLintProject.parse.<anonymous closure> (package:custom_lint/src/workspace.dart:983:7)
#1      _rootRunBinary (dart:async/zone.dart:1423:47)
#2      _CustomZone.runBinary (dart:async/zone.dart:1315:19)
#3      _FutureListener.handleError (dart:async/future_impl.dart:177:22)
#4      Future._propagateToListeners.handleError (dart:async/future_impl.dart:850:47)
#5      Future._propagateToListeners (dart:async/future_impl.dart:871:13)
#6      Future._completeError (dart:async/future_impl.dart:651:5)
<asynchronous suspension>

The request analysis.updateContent failed with the following error:
RequestErrorCode.PLUGIN_ERROR
Failed to read pubspec.yaml at /Users/joshuahoban/personal/Inzultz/functions:
PathNotFoundException: Cannot open file, path = '/Users/joshuahoban/personal/Inzultz/functions/pubspec.yaml' (OS Error: No such file or directory, errno = 2)
#0      _checkForErrorResponse (dart:io/common.dart:55:9)
#1      _File.open.<anonymous closure> (dart:io/file_impl.dart:381:7)
#2      _rootRunUnary (dart:async/zone.dart:1407:47)
#3      _CustomZone.runUnary (dart:async/zone.dart:1308:19)
<asynchronous suspension>
#4      _File.readAsBytes.<anonymous closure> (dart:io/file_impl.dart:562:24)
<asynchronous suspension>
#5      _File.readAsString (dart:io/file_impl.dart:621:18)
<asynchronous suspension>
#6      parsePubspec (package:custom_lint/src/package_utils.dart:84:24)
<asynchronous suspension>
#7      CustomLintProject.parse (package:custom_lint/src/workspace.dart:980:28)
<asynchronous suspension>
#8      Future.wait.<anonymous closure> (dart:async/future.dart:518:21)
<asynchronous suspension>
#9      CustomLintWorkspace.fromContextRoots (package:custom_lint/src/workspace.dart:487:22)
<asynchronous suspension>
#10     SocketCustomLintServerToClientChannel.create (package:custom_lint/src/v2/server_to_client_channel.dart:54:23)
<asynchronous suspension>
#11     CustomLintServer._maybeSpawnCustomLintPlugin (package:custom_lint/src/v2/custom_lint_analyzer_plugin.dart:347:23)
<asynchronous suspension>
#12     CustomLintServer._handleAnalysisSetContextRoots.<anonymous closure> (package:custom_lint/src/v2/custom_lint_analyzer_plugin.dart:328:9)
<asynchronous suspension>
#13     PendingOperation.run (package:custom_lint/src/async_operation.dart:22:14)
<asynchronous suspension>
#14     CustomLintServer._handleRequest (package:custom_lint/src/v2/custom_lint_analyzer_plugin.dart:160:22)
<asynchronous suspension>

at:
#0      CustomLintProject.parse.<anonymous closure> (package:custom_lint/src/workspace.dart:983:7)
#1      _rootRunBinary (dart:async/zone.dart:1423:47)
#2      _CustomZone.runBinary (dart:async/zone.dart:1315:19)
#3      _FutureListener.handleError (dart:async/future_impl.dart:177:22)
#4      Future._propagateToListeners.handleError (dart:async/future_impl.dart:850:47)
#5      Future._propagateToListeners (dart:async/future_impl.dart:871:13)
#6      Future._completeError (dart:async/future_impl.dart:651:5)
<asynchronous suspension>

The request analysis.setPriorityFiles failed with the following error:
RequestErrorCode.PLUGIN_ERROR
Failed to read pubspec.yaml at /Users/joshuahoban/personal/Inzultz/functions:
PathNotFoundException: Cannot open file, path = '/Users/joshuahoban/personal/Inzultz/functions/pubspec.yaml' (OS Error: No such file or directory, errno = 2)
#0      _checkForErrorResponse (dart:io/common.dart:55:9)
#1      _File.open.<anonymous closure> (dart:io/file_impl.dart:381:7)
#2      _rootRunUnary (dart:async/zone.dart:1407:47)
#3      _CustomZone.runUnary (dart:async/zone.dart:1308:19)
<asynchronous suspension>
#4      _File.readAsBytes.<anonymous closure> (dart:io/file_impl.dart:562:24)
<asynchronous suspension>
#5      _File.readAsString (dart:io/file_impl.dart:621:18)
<asynchronous suspension>
#6      parsePubspec (package:custom_lint/src/package_utils.dart:84:24)
<asynchronous suspension>
#7      CustomLintProject.parse (package:custom_lint/src/workspace.dart:980:28)
<asynchronous suspension>
#8      Future.wait.<anonymous closure> (dart:async/future.dart:518:21)
<asynchronous suspension>
#9      CustomLintWorkspace.fromContextRoots (package:custom_lint/src/workspace.dart:487:22)
<asynchronous suspension>
#10     SocketCustomLintServerToClientChannel.create (package:custom_lint/src/v2/server_to_client_channel.dart:54:23)
<asynchronous suspension>
#11     CustomLintServer._maybeSpawnCustomLintPlugin (package:custom_lint/src/v2/custom_lint_analyzer_plugin.dart:347:23)
<asynchronous suspension>
#12     CustomLintServer._handleAnalysisSetContextRoots.<anonymous closure> (package:custom_lint/src/v2/custom_lint_analyzer_plugin.dart:328:9)
<asynchronous suspension>
#13     PendingOperation.run (package:custom_lint/src/async_operation.dart:22:14)
<asynchronous suspension>
#14     CustomLintServer._handleRequest (package:custom_lint/src/v2/custom_lint_analyzer_plugin.dart:160:22)
<asynchronous suspension>

at:
#0      CustomLintProject.parse.<anonymous closure> (package:custom_lint/src/workspace.dart:983:7)
#1      _rootRunBinary (dart:async/zone.dart:1423:47)
#2      _CustomZone.runBinary (dart:async/zone.dart:1315:19)
#3      _FutureListener.handleError (dart:async/future_impl.dart:177:22)
#4      Future._propagateToListeners.handleError (dart:async/future_impl.dart:850:47)
#5      Future._propagateToListeners (dart:async/future_impl.dart:871:13)
#6      Future._completeError (dart:async/future_impl.dart:651:5)
<asynchronous suspension>

The request analysis.setSubscriptions failed with the following error:
RequestErrorCode.PLUGIN_ERROR
Failed to read pubspec.yaml at /Users/joshuahoban/personal/Inzultz/functions:
PathNotFoundException: Cannot open file, path = '/Users/joshuahoban/personal/Inzultz/functions/pubspec.yaml' (OS Error: No such file or directory, errno = 2)
#0      _checkForErrorResponse (dart:io/common.dart:55:9)
#1      _File.open.<anonymous closure> (dart:io/file_impl.dart:381:7)
#2      _rootRunUnary (dart:async/zone.dart:1407:47)
#3      _CustomZone.runUnary (dart:async/zone.dart:1308:19)
<asynchronous suspension>
#4      _File.readAsBytes.<anonymous closure> (dart:io/file_impl.dart:562:24)
<asynchronous suspension>
#5      _File.readAsString (dart:io/file_impl.dart:621:18)
<asynchronous suspension>
#6      parsePubspec (package:custom_lint/src/package_utils.dart:84:24)
<asynchronous suspension>
#7      CustomLintProject.parse (package:custom_lint/src/workspace.dart:980:28)
<asynchronous suspension>
#8      Future.wait.<anonymous closure> (dart:async/future.dart:518:21)
<asynchronous suspension>
#9      CustomLintWorkspace.fromContextRoots (package:custom_lint/src/workspace.dart:487:22)
<asynchronous suspension>
#10     SocketCustomLintServerToClientChannel.create (package:custom_lint/src/v2/server_to_client_channel.dart:54:23)
<asynchronous suspension>
#11     CustomLintServer._maybeSpawnCustomLintPlugin (package:custom_lint/src/v2/custom_lint_analyzer_plugin.dart:347:23)
<asynchronous suspension>
#12     CustomLintServer._handleAnalysisSetContextRoots.<anonymous closure> (package:custom_lint/src/v2/custom_lint_analyzer_plugin.dart:328:9)
<asynchronous suspension>
#13     PendingOperation.run (package:custom_lint/src/async_operation.dart:22:14)
<asynchronous suspension>
#14     CustomLintServer._handleRequest (package:custom_lint/src/v2/custom_lint_analyzer_plugin.dart:160:22)
<asynchronous suspension>

at:
#0      CustomLintProject.parse.<anonymous closure> (package:custom_lint/src/workspace.dart:983:7)
#1      _rootRunBinary (dart:async/zone.dart:1423:47)
#2      _CustomZone.runBinary (dart:async/zone.dart:1315:19)
#3      _FutureListener.handleError (dart:async/future_impl.dart:177:22)
#4      Future._propagateToListeners.handleError (dart:async/future_impl.dart:850:47)
#5      Future._propagateToListeners (dart:async/future_impl.dart:871:13)
#6      Future._completeError (dart:async/future_impl.dart:651:5)
<asynchronous suspension>

The request analysis.updateContent failed with the following error:
RequestErrorCode.PLUGIN_ERROR
Failed to read pubspec.yaml at /Users/joshuahoban/personal/Inzultz/functions:
PathNotFoundException: Cannot open file, path = '/Users/joshuahoban/personal/Inzultz/functions/pubspec.yaml' (OS Error: No such file or directory, errno = 2)
#0      _checkForErrorResponse (dart:io/common.dart:55:9)
#1      _File.open.<anonymous closure> (dart:io/file_impl.dart:381:7)
#2      _rootRunUnary (dart:async/zone.dart:1407:47)
#3      _CustomZone.runUnary (dart:async/zone.dart:1308:19)
<asynchronous suspension>
#4      _File.readAsBytes.<anonymous closure> (dart:io/file_impl.dart:562:24)
<asynchronous suspension>
#5      _File.readAsString (dart:io/file_impl.dart:621:18)
<asynchronous suspension>
#6      parsePubspec (package:custom_lint/src/package_utils.dart:84:24)
<asynchronous suspension>
#7      CustomLintProject.parse (package:custom_lint/src/workspace.dart:980:28)
<asynchronous suspension>
#8      Future.wait.<anonymous closure> (dart:async/future.dart:518:21)
<asynchronous suspension>
#9      CustomLintWorkspace.fromContextRoots (package:custom_lint/src/workspace.dart:487:22)
<asynchronous suspension>
#10     SocketCustomLintServerToClientChannel.create (package:custom_lint/src/v2/server_to_client_channel.dart:54:23)
<asynchronous suspension>
#11     CustomLintServer._maybeSpawnCustomLintPlugin (package:custom_lint/src/v2/custom_lint_analyzer_plugin.dart:347:23)
<asynchronous suspension>
#12     CustomLintServer._handleAnalysisSetContextRoots.<anonymous closure> (package:custom_lint/src/v2/custom_lint_analyzer_plugin.dart:328:9)
<asynchronous suspension>
#13     PendingOperation.run (package:custom_lint/src/async_operation.dart:22:14)
<asynchronous suspension>
#14     CustomLintServer._handleRequest (package:custom_lint/src/v2/custom_lint_analyzer_plugin.dart:160:22)
<asynchronous suspension>

at:
#0      CustomLintProject.parse.<anonymous closure> (package:custom_lint/src/workspace.dart:983:7)
#1      _rootRunBinary (dart:async/zone.dart:1423:47)
#2      _CustomZone.runBinary (dart:async/zone.dart:1315:19)
#3      _FutureListener.handleError (dart:async/future_impl.dart:177:22)
#4      Future._propagateToListeners.handleError (dart:async/future_impl.dart:850:47)
#5      Future._propagateToListeners (dart:async/future_impl.dart:871:13)
#6      Future._completeError (dart:async/future_impl.dart:651:5)
<asynchronous suspension>

The request analysis.setPriorityFiles failed with the following error:
RequestErrorCode.PLUGIN_ERROR
Failed to read pubspec.yaml at /Users/joshuahoban/personal/Inzultz/functions:
PathNotFoundException: Cannot open file, path = '/Users/joshuahoban/personal/Inzultz/functions/pubspec.yaml' (OS Error: No such file or directory, errno = 2)
#0      _checkForErrorResponse (dart:io/common.dart:55:9)
#1      _File.open.<anonymous closure> (dart:io/file_impl.dart:381:7)
#2      _rootRunUnary (dart:async/zone.dart:1407:47)
#3      _CustomZone.runUnary (dart:async/zone.dart:1308:19)
<asynchronous suspension>
#4      _File.readAsBytes.<anonymous closure> (dart:io/file_impl.dart:562:24)
<asynchronous suspension>
#5      _File.readAsString (dart:io/file_impl.dart:621:18)
<asynchronous suspension>
#6      parsePubspec (package:custom_lint/src/package_utils.dart:84:24)
<asynchronous suspension>
#7      CustomLintProject.parse (package:custom_lint/src/workspace.dart:980:28)
<asynchronous suspension>
#8      Future.wait.<anonymous closure> (dart:async/future.dart:518:21)
<asynchronous suspension>
#9      CustomLintWorkspace.fromContextRoots (package:custom_lint/src/workspace.dart:487:22)
<asynchronous suspension>
#10     SocketCustomLintServerToClientChannel.create (package:custom_lint/src/v2/server_to_client_channel.dart:54:23)
<asynchronous suspension>
#11     CustomLintServer._maybeSpawnCustomLintPlugin (package:custom_lint/src/v2/custom_lint_analyzer_plugin.dart:347:23)
<asynchronous suspension>
#12     CustomLintServer._handleAnalysisSetContextRoots.<anonymous closure> (package:custom_lint/src/v2/custom_lint_analyzer_plugin.dart:328:9)
<asynchronous suspension>
#13     PendingOperation.run (package:custom_lint/src/async_operation.dart:22:14)
<asynchronous suspension>
#14     CustomLintServer._handleRequest (package:custom_lint/src/v2/custom_lint_analyzer_plugin.dart:160:22)
<asynchronous suspension>

at:
#0      CustomLintProject.parse.<anonymous closure> (package:custom_lint/src/workspace.dart:983:7)
#1      _rootRunBinary (dart:async/zone.dart:1423:47)
#2      _CustomZone.runBinary (dart:async/zone.dart:1315:19)
#3      _FutureListener.handleError (dart:async/future_impl.dart:177:22)
#4      Future._propagateToListeners.handleError (dart:async/future_impl.dart:850:47)
#5      Future._propagateToListeners (dart:async/future_impl.dart:871:13)
#6      Future._completeError (dart:async/future_impl.dart:651:5)
<asynchronous suspension>

The request analysis.setSubscriptions failed with the following error:
RequestErrorCode.PLUGIN_ERROR
Failed to read pubspec.yaml at /Users/joshuahoban/personal/Inzultz/functions:
PathNotFoundException: Cannot open file, path = '/Users/joshuahoban/personal/Inzultz/functions/pubspec.yaml' (OS Error: No such file or directory, errno = 2)
#0      _checkForErrorResponse (dart:io/common.dart:55:9)
#1      _File.open.<anonymous closure> (dart:io/file_impl.dart:381:7)
#2      _rootRunUnary (dart:async/zone.dart:1407:47)
#3      _CustomZone.runUnary (dart:async/zone.dart:1308:19)
<asynchronous suspension>
#4      _File.readAsBytes.<anonymous closure> (dart:io/file_impl.dart:562:24)
<asynchronous suspension>
#5      _File.readAsString (dart:io/file_impl.dart:621:18)
<asynchronous suspension>
#6      parsePubspec (package:custom_lint/src/package_utils.dart:84:24)
<asynchronous suspension>
#7      CustomLintProject.parse (package:custom_lint/src/workspace.dart:980:28)
<asynchronous suspension>
#8      Future.wait.<anonymous closure> (dart:async/future.dart:518:21)
<asynchronous suspension>
#9      CustomLintWorkspace.fromContextRoots (package:custom_lint/src/workspace.dart:487:22)
<asynchronous suspension>
#10     SocketCustomLintServerToClientChannel.create (package:custom_lint/src/v2/server_to_client_channel.dart:54:23)
<asynchronous suspension>
#11     CustomLintServer._maybeSpawnCustomLintPlugin (package:custom_lint/src/v2/custom_lint_analyzer_plugin.dart:347:23)
<asynchronous suspension>
#12     CustomLintServer._handleAnalysisSetContextRoots.<anonymous closure> (package:custom_lint/src/v2/custom_lint_analyzer_plugin.dart:328:9)
<asynchronous suspension>
#13     PendingOperation.run (package:custom_lint/src/async_operation.dart:22:14)
<asynchronous suspension>
#14     CustomLintServer._handleRequest (package:custom_lint/src/v2/custom_lint_analyzer_plugin.dart:160:22)
<asynchronous suspension>

at:
#0      CustomLintProject.parse.<anonymous closure> (package:custom_lint/src/workspace.dart:983:7)
#1      _rootRunBinary (dart:async/zone.dart:1423:47)
#2      _CustomZone.runBinary (dart:async/zone.dart:1315:19)
#3      _FutureListener.handleError (dart:async/future_impl.dart:177:22)
#4      Future._propagateToListeners.handleError (dart:async/future_impl.dart:850:47)
#5      Future._propagateToListeners (dart:async/future_impl.dart:871:13)
#6      Future._completeError (dart:async/future_impl.dart:651:5)
<asynchronous suspension>

The request analysis.updateContent failed with the following error:
RequestErrorCode.PLUGIN_ERROR
Failed to read pubspec.yaml at /Users/joshuahoban/personal/Inzultz/functions:
PathNotFoundException: Cannot open file, path = '/Users/joshuahoban/personal/Inzultz/functions/pubspec.yaml' (OS Error: No such file or directory, errno = 2)
#0      _checkForErrorResponse (dart:io/common.dart:55:9)
#1      _File.open.<anonymous closure> (dart:io/file_impl.dart:381:7)
#2      _rootRunUnary (dart:async/zone.dart:1407:47)
#3      _CustomZone.runUnary (dart:async/zone.dart:1308:19)
<asynchronous suspension>
#4      _File.readAsBytes.<anonymous closure> (dart:io/file_impl.dart:562:24)
<asynchronous suspension>
#5      _File.readAsString (dart:io/file_impl.dart:621:18)
<asynchronous suspension>
#6      parsePubspec (package:custom_lint/src/package_utils.dart:84:24)
<asynchronous suspension>
#7      CustomLintProject.parse (package:custom_lint/src/workspace.dart:980:28)
<asynchronous suspension>
#8      Future.wait.<anonymous closure> (dart:async/future.dart:518:21)
<asynchronous suspension>
#9      CustomLintWorkspace.fromContextRoots (package:custom_lint/src/workspace.dart:487:22)
<asynchronous suspension>
#10     SocketCustomLintServerToClientChannel.create (package:custom_lint/src/v2/server_to_client_channel.dart:54:23)
<asynchronous suspension>
#11     CustomLintServer._maybeSpawnCustomLintPlugin (package:custom_lint/src/v2/custom_lint_analyzer_plugin.dart:347:23)
<asynchronous suspension>
#12     CustomLintServer._handleAnalysisSetContextRoots.<anonymous closure> (package:custom_lint/src/v2/custom_lint_analyzer_plugin.dart:328:9)
<asynchronous suspension>
#13     PendingOperation.run (package:custom_lint/src/async_operation.dart:22:14)
<asynchronous suspension>
#14     CustomLintServer._handleRequest (package:custom_lint/src/v2/custom_lint_analyzer_plugin.dart:160:22)
<asynchronous suspension>

at:
#0      CustomLintProject.parse.<anonymous closure> (package:custom_lint/src/workspace.dart:983:7)
#1      _rootRunBinary (dart:async/zone.dart:1423:47)
#2      _CustomZone.runBinary (dart:async/zone.dart:1315:19)
#3      _FutureListener.handleError (dart:async/future_impl.dart:177:22)
#4      Future._propagateToListeners.handleError (dart:async/future_impl.dart:850:47)
#5      Future._propagateToListeners (dart:async/future_impl.dart:871:13)
#6      Future._completeError (dart:async/future_impl.dart:651:5)
<asynchronous suspension>

The request analysis.setPriorityFiles failed with the following error:
RequestErrorCode.PLUGIN_ERROR
Failed to read pubspec.yaml at /Users/joshuahoban/personal/Inzultz/functions:
PathNotFoundException: Cannot open file, path = '/Users/joshuahoban/personal/Inzultz/functions/pubspec.yaml' (OS Error: No such file or directory, errno = 2)
#0      _checkForErrorResponse (dart:io/common.dart:55:9)
#1      _File.open.<anonymous closure> (dart:io/file_impl.dart:381:7)
#2      _rootRunUnary (dart:async/zone.dart:1407:47)
#3      _CustomZone.runUnary (dart:async/zone.dart:1308:19)
<asynchronous suspension>
#4      _File.readAsBytes.<anonymous closure> (dart:io/file_impl.dart:562:24)
<asynchronous suspension>
#5      _File.readAsString (dart:io/file_impl.dart:621:18)
<asynchronous suspension>
#6      parsePubspec (package:custom_lint/src/package_utils.dart:84:24)
<asynchronous suspension>
#7      CustomLintProject.parse (package:custom_lint/src/workspace.dart:980:28)
<asynchronous suspension>
#8      Future.wait.<anonymous closure> (dart:async/future.dart:518:21)
<asynchronous suspension>
#9      CustomLintWorkspace.fromContextRoots (package:custom_lint/src/workspace.dart:487:22)
<asynchronous suspension>
#10     SocketCustomLintServerToClientChannel.create (package:custom_lint/src/v2/server_to_client_channel.dart:54:23)
<asynchronous suspension>
#11     CustomLintServer._maybeSpawnCustomLintPlugin (package:custom_lint/src/v2/custom_lint_analyzer_plugin.dart:347:23)
<asynchronous suspension>
#12     CustomLintServer._handleAnalysisSetContextRoots.<anonymous closure> (package:custom_lint/src/v2/custom_lint_analyzer_plugin.dart:328:9)
<asynchronous suspension>
#13     PendingOperation.run (package:custom_lint/src/async_operation.dart:22:14)
<asynchronous suspension>
#14     CustomLintServer._handleRequest (package:custom_lint/src/v2/custom_lint_analyzer_plugin.dart:160:22)
<asynchronous suspension>

at:
#0      CustomLintProject.parse.<anonymous closure> (package:custom_lint/src/workspace.dart:983:7)
#1      _rootRunBinary (dart:async/zone.dart:1423:47)
#2      _CustomZone.runBinary (dart:async/zone.dart:1315:19)
#3      _FutureListener.handleError (dart:async/future_impl.dart:177:22)
#4      Future._propagateToListeners.handleError (dart:async/future_impl.dart:850:47)
#5      Future._propagateToListeners (dart:async/future_impl.dart:871:13)
#6      Future._completeError (dart:async/future_impl.dart:651:5)
<asynchronous suspension>

The request analysis.setSubscriptions failed with the following error:
RequestErrorCode.PLUGIN_ERROR
Failed to read pubspec.yaml at /Users/joshuahoban/personal/Inzultz/functions:
PathNotFoundException: Cannot open file, path = '/Users/joshuahoban/personal/Inzultz/functions/pubspec.yaml' (OS Error: No such file or directory, errno = 2)
#0      _checkForErrorResponse (dart:io/common.dart:55:9)
#1      _File.open.<anonymous closure> (dart:io/file_impl.dart:381:7)
#2      _rootRunUnary (dart:async/zone.dart:1407:47)
#3      _CustomZone.runUnary (dart:async/zone.dart:1308:19)
<asynchronous suspension>
#4      _File.readAsBytes.<anonymous closure> (dart:io/file_impl.dart:562:24)
<asynchronous suspension>
#5      _File.readAsString (dart:io/file_impl.dart:621:18)
<asynchronous suspension>
#6      parsePubspec (package:custom_lint/src/package_utils.dart:84:24)
<asynchronous suspension>
#7      CustomLintProject.parse (package:custom_lint/src/workspace.dart:980:28)
<asynchronous suspension>
#8      Future.wait.<anonymous closure> (dart:async/future.dart:518:21)
<asynchronous suspension>
#9      CustomLintWorkspace.fromContextRoots (package:custom_lint/src/workspace.dart:487:22)
<asynchronous suspension>
#10     SocketCustomLintServerToClientChannel.create (package:custom_lint/src/v2/server_to_client_channel.dart:54:23)
<asynchronous suspension>
#11     CustomLintServer._maybeSpawnCustomLintPlugin (package:custom_lint/src/v2/custom_lint_analyzer_plugin.dart:347:23)
<asynchronous suspension>
#12     CustomLintServer._handleAnalysisSetContextRoots.<anonymous closure> (package:custom_lint/src/v2/custom_lint_analyzer_plugin.dart:328:9)
<asynchronous suspension>
#13     PendingOperation.run (package:custom_lint/src/async_operation.dart:22:14)
<asynchronous suspension>
#14     CustomLintServer._handleRequest (package:custom_lint/src/v2/custom_lint_analyzer_plugin.dart:160:22)
<asynchronous suspension>

at:
#0      CustomLintProject.parse.<anonymous closure> (package:custom_lint/src/workspace.dart:983:7)
#1      _rootRunBinary (dart:async/zone.dart:1423:47)
#2      _CustomZone.runBinary (dart:async/zone.dart:1315:19)
#3      _FutureListener.handleError (dart:async/future_impl.dart:177:22)
#4      Future._propagateToListeners.handleError (dart:async/future_impl.dart:850:47)
#5      Future._propagateToListeners (dart:async/future_impl.dart:871:13)
#6      Future._completeError (dart:async/future_impl.dart:651:5)
<asynchronous suspension>

The request analysis.updateContent failed with the following error:
RequestErrorCode.PLUGIN_ERROR
Failed to read pubspec.yaml at /Users/joshuahoban/personal/Inzultz/functions:
PathNotFoundException: Cannot open file, path = '/Users/joshuahoban/personal/Inzultz/functions/pubspec.yaml' (OS Error: No such file or directory, errno = 2)
#0      _checkForErrorResponse (dart:io/common.dart:55:9)
#1      _File.open.<anonymous closure> (dart:io/file_impl.dart:381:7)
#2      _rootRunUnary (dart:async/zone.dart:1407:47)
#3      _CustomZone.runUnary (dart:async/zone.dart:1308:19)
<asynchronous suspension>
#4      _File.readAsBytes.<anonymous closure> (dart:io/file_impl.dart:562:24)
<asynchronous suspension>
#5      _File.readAsString (dart:io/file_impl.dart:621:18)
<asynchronous suspension>
#6      parsePubspec (package:custom_lint/src/package_utils.dart:84:24)
<asynchronous suspension>
#7      CustomLintProject.parse (package:custom_lint/src/workspace.dart:980:28)
<asynchronous suspension>
#8      Future.wait.<anonymous closure> (dart:async/future.dart:518:21)
<asynchronous suspension>
#9      CustomLintWorkspace.fromContextRoots (package:custom_lint/src/workspace.dart:487:22)
<asynchronous suspension>
#10     SocketCustomLintServerToClientChannel.create (package:custom_lint/src/v2/server_to_client_channel.dart:54:23)
<asynchronous suspension>
#11     CustomLintServer._maybeSpawnCustomLintPlugin (package:custom_lint/src/v2/custom_lint_analyzer_plugin.dart:347:23)
<asynchronous suspension>
#12     CustomLintServer._handleAnalysisSetContextRoots.<anonymous closure> (package:custom_lint/src/v2/custom_lint_analyzer_plugin.dart:328:9)
<asynchronous suspension>
#13     PendingOperation.run (package:custom_lint/src/async_operation.dart:22:14)
<asynchronous suspension>
#14     CustomLintServer._handleRequest (package:custom_lint/src/v2/custom_lint_analyzer_plugin.dart:160:22)
<asynchronous suspension>

at:
#0      CustomLintProject.parse.<anonymous closure> (package:custom_lint/src/workspace.dart:983:7)
#1      _rootRunBinary (dart:async/zone.dart:1423:47)
#2      _CustomZone.runBinary (dart:async/zone.dart:1315:19)
#3      _FutureListener.handleError (dart:async/future_impl.dart:177:22)
#4      Future._propagateToListeners.handleError (dart:async/future_impl.dart:850:47)
#5      Future._propagateToListeners (dart:async/future_impl.dart:871:13)
#6      Future._completeError (dart:async/future_impl.dart:651:5)
<asynchronous suspension>

The request analysis.setPriorityFiles failed with the following error:
RequestErrorCode.PLUGIN_ERROR
Failed to read pubspec.yaml at /Users/joshuahoban/personal/Inzultz/functions:
PathNotFoundException: Cannot open file, path = '/Users/joshuahoban/personal/Inzultz/functions/pubspec.yaml' (OS Error: No such file or directory, errno = 2)
#0      _checkForErrorResponse (dart:io/common.dart:55:9)
#1      _File.open.<anonymous closure> (dart:io/file_impl.dart:381:7)
#2      _rootRunUnary (dart:async/zone.dart:1407:47)
#3      _CustomZone.runUnary (dart:async/zone.dart:1308:19)
<asynchronous suspension>
#4      _File.readAsBytes.<anonymous closure> (dart:io/file_impl.dart:562:24)
<asynchronous suspension>
#5      _File.readAsString (dart:io/file_impl.dart:621:18)
<asynchronous suspension>
#6      parsePubspec (package:custom_lint/src/package_utils.dart:84:24)
<asynchronous suspension>
#7      CustomLintProject.parse (package:custom_lint/src/workspace.dart:980:28)
<asynchronous suspension>
#8      Future.wait.<anonymous closure> (dart:async/future.dart:518:21)
<asynchronous suspension>
#9      CustomLintWorkspace.fromContextRoots (package:custom_lint/src/workspace.dart:487:22)
<asynchronous suspension>
#10     SocketCustomLintServerToClientChannel.create (package:custom_lint/src/v2/server_to_client_channel.dart:54:23)
<asynchronous suspension>
#11     CustomLintServer._maybeSpawnCustomLintPlugin (package:custom_lint/src/v2/custom_lint_analyzer_plugin.dart:347:23)
<asynchronous suspension>
#12     CustomLintServer._handleAnalysisSetContextRoots.<anonymous closure> (package:custom_lint/src/v2/custom_lint_analyzer_plugin.dart:328:9)
<asynchronous suspension>
#13     PendingOperation.run (package:custom_lint/src/async_operation.dart:22:14)
<asynchronous suspension>
#14     CustomLintServer._handleRequest (package:custom_lint/src/v2/custom_lint_analyzer_plugin.dart:160:22)
<asynchronous suspension>

at:
#0      CustomLintProject.parse.<anonymous closure> (package:custom_lint/src/workspace.dart:983:7)
#1      _rootRunBinary (dart:async/zone.dart:1423:47)
#2      _CustomZone.runBinary (dart:async/zone.dart:1315:19)
#3      _FutureListener.handleError (dart:async/future_impl.dart:177:22)
#4      Future._propagateToListeners.handleError (dart:async/future_impl.dart:850:47)
#5      Future._propagateToListeners (dart:async/future_impl.dart:871:13)
#6      Future._completeError (dart:async/future_impl.dart:651:5)
<asynchronous suspension>

The request analysis.setSubscriptions failed with the following error:
RequestErrorCode.PLUGIN_ERROR
Failed to read pubspec.yaml at /Users/joshuahoban/personal/Inzultz/functions:
PathNotFoundException: Cannot open file, path = '/Users/joshuahoban/personal/Inzultz/functions/pubspec.yaml' (OS Error: No such file or directory, errno = 2)
#0      _checkForErrorResponse (dart:io/common.dart:55:9)
#1      _File.open.<anonymous closure> (dart:io/file_impl.dart:381:7)
#2      _rootRunUnary (dart:async/zone.dart:1407:47)
#3      _CustomZone.runUnary (dart:async/zone.dart:1308:19)
<asynchronous suspension>
#4      _File.readAsBytes.<anonymous closure> (dart:io/file_impl.dart:562:24)
<asynchronous suspension>
#5      _File.readAsString (dart:io/file_impl.dart:621:18)
<asynchronous suspension>
#6      parsePubspec (package:custom_lint/src/package_utils.dart:84:24)
<asynchronous suspension>
#7      CustomLintProject.parse (package:custom_lint/src/workspace.dart:980:28)
<asynchronous suspension>
#8      Future.wait.<anonymous closure> (dart:async/future.dart:518:21)
<asynchronous suspension>
#9      CustomLintWorkspace.fromContextRoots (package:custom_lint/src/workspace.dart:487:22)
<asynchronous suspension>
#10     SocketCustomLintServerToClientChannel.create (package:custom_lint/src/v2/server_to_client_channel.dart:54:23)
<asynchronous suspension>
#11     CustomLintServer._maybeSpawnCustomLintPlugin (package:custom_lint/src/v2/custom_lint_analyzer_plugin.dart:347:23)
<asynchronous suspension>
#12     CustomLintServer._handleAnalysisSetContextRoots.<anonymous closure> (package:custom_lint/src/v2/custom_lint_analyzer_plugin.dart:328:9)
<asynchronous suspension>
#13     PendingOperation.run (package:custom_lint/src/async_operation.dart:22:14)
<asynchronous suspension>
#14     CustomLintServer._handleRequest (package:custom_lint/src/v2/custom_lint_analyzer_plugin.dart:160:22)
<asynchronous suspension>

at:
#0      CustomLintProject.parse.<anonymous closure> (package:custom_lint/src/workspace.dart:983:7)
#1      _rootRunBinary (dart:async/zone.dart:1423:47)
#2      _CustomZone.runBinary (dart:async/zone.dart:1315:19)
#3      _FutureListener.handleError (dart:async/future_impl.dart:177:22)
#4      Future._propagateToListeners.handleError (dart:async/future_impl.dart:850:47)
#5      Future._propagateToListeners (dart:async/future_impl.dart:871:13)
#6      Future._completeError (dart:async/future_impl.dart:651:5)
<asynchronous suspension>

The request analysis.updateContent failed with the following error:
RequestErrorCode.PLUGIN_ERROR
Failed to read pubspec.yaml at /Users/joshuahoban/personal/Inzultz/functions:
PathNotFoundException: Cannot open file, path = '/Users/joshuahoban/personal/Inzultz/functions/pubspec.yaml' (OS Error: No such file or directory, errno = 2)
#0      _checkForErrorResponse (dart:io/common.dart:55:9)
#1      _File.open.<anonymous closure> (dart:io/file_impl.dart:381:7)
#2      _rootRunUnary (dart:async/zone.dart:1407:47)
#3      _CustomZone.runUnary (dart:async/zone.dart:1308:19)
<asynchronous suspension>
#4      _File.readAsBytes.<anonymous closure> (dart:io/file_impl.dart:562:24)
<asynchronous suspension>
#5      _File.readAsString (dart:io/file_impl.dart:621:18)
<asynchronous suspension>
#6      parsePubspec (package:custom_lint/src/package_utils.dart:84:24)
<asynchronous suspension>
#7      CustomLintProject.parse (package:custom_lint/src/workspace.dart:980:28)
<asynchronous suspension>
#8      Future.wait.<anonymous closure> (dart:async/future.dart:518:21)
<asynchronous suspension>
#9      CustomLintWorkspace.fromContextRoots (package:custom_lint/src/workspace.dart:487:22)
<asynchronous suspension>
#10     SocketCustomLintServerToClientChannel.create (package:custom_lint/src/v2/server_to_client_channel.dart:54:23)
<asynchronous suspension>
#11     CustomLintServer._maybeSpawnCustomLintPlugin (package:custom_lint/src/v2/custom_lint_analyzer_plugin.dart:347:23)
<asynchronous suspension>
#12     CustomLintServer._handleAnalysisSetContextRoots.<anonymous closure> (package:custom_lint/src/v2/custom_lint_analyzer_plugin.dart:328:9)
<asynchronous suspension>
#13     PendingOperation.run (package:custom_lint/src/async_operation.dart:22:14)
<asynchronous suspension>
#14     CustomLintServer._handleRequest (package:custom_lint/src/v2/custom_lint_analyzer_plugin.dart:160:22)
<asynchronous suspension>

at:
#0      CustomLintProject.parse.<anonymous closure> (package:custom_lint/src/workspace.dart:983:7)
#1      _rootRunBinary (dart:async/zone.dart:1423:47)
#2      _CustomZone.runBinary (dart:async/zone.dart:1315:19)
#3      _FutureListener.handleError (dart:async/future_impl.dart:177:22)
#4      Future._propagateToListeners.handleError (dart:async/future_impl.dart:850:47)
#5      Future._propagateToListeners (dart:async/future_impl.dart:871:13)
#6      Future._completeError (dart:async/future_impl.dart:651:5)
<asynchronous suspension>

The request analysis.setPriorityFiles failed with the following error:
RequestErrorCode.PLUGIN_ERROR
Failed to read pubspec.yaml at /Users/joshuahoban/personal/Inzultz/functions:
PathNotFoundException: Cannot open file, path = '/Users/joshuahoban/personal/Inzultz/functions/pubspec.yaml' (OS Error: No such file or directory, errno = 2)
#0      _checkForErrorResponse (dart:io/common.dart:55:9)
#1      _File.open.<anonymous closure> (dart:io/file_impl.dart:381:7)
#2      _rootRunUnary (dart:async/zone.dart:1407:47)
#3      _CustomZone.runUnary (dart:async/zone.dart:1308:19)
<asynchronous suspension>
#4      _File.readAsBytes.<anonymous closure> (dart:io/file_impl.dart:562:24)
<asynchronous suspension>
#5      _File.readAsString (dart:io/file_impl.dart:621:18)
<asynchronous suspension>
#6      parsePubspec (package:custom_lint/src/package_utils.dart:84:24)
<asynchronous suspension>
#7      CustomLintProject.parse (package:custom_lint/src/workspace.dart:980:28)
<asynchronous suspension>
#8      Future.wait.<anonymous closure> (dart:async/future.dart:518:21)
<asynchronous suspension>
#9      CustomLintWorkspace.fromContextRoots (package:custom_lint/src/workspace.dart:487:22)
<asynchronous suspension>
#10     SocketCustomLintServerToClientChannel.create (package:custom_lint/src/v2/server_to_client_channel.dart:54:23)
<asynchronous suspension>
#11     CustomLintServer._maybeSpawnCustomLintPlugin (package:custom_lint/src/v2/custom_lint_analyzer_plugin.dart:347:23)
<asynchronous suspension>
#12     CustomLintServer._handleAnalysisSetContextRoots.<anonymous closure> (package:custom_lint/src/v2/custom_lint_analyzer_plugin.dart:328:9)
<asynchronous suspension>
#13     PendingOperation.run (package:custom_lint/src/async_operation.dart:22:14)
<asynchronous suspension>
#14     CustomLintServer._handleRequest (package:custom_lint/src/v2/custom_lint_analyzer_plugin.dart:160:22)
<asynchronous suspension>

at:
#0      CustomLintProject.parse.<anonymous closure> (package:custom_lint/src/workspace.dart:983:7)
#1      _rootRunBinary (dart:async/zone.dart:1423:47)
#2      _CustomZone.runBinary (dart:async/zone.dart:1315:19)
#3      _FutureListener.handleError (dart:async/future_impl.dart:177:22)
#4      Future._propagateToListeners.handleError (dart:async/future_impl.dart:850:47)
#5      Future._propagateToListeners (dart:async/future_impl.dart:871:13)
#6      Future._completeError (dart:async/future_impl.dart:651:5)
<asynchronous suspension>

The request analysis.setSubscriptions failed with the following error:
RequestErrorCode.PLUGIN_ERROR
Failed to read pubspec.yaml at /Users/joshuahoban/personal/Inzultz/functions:
PathNotFoundException: Cannot open file, path = '/Users/joshuahoban/personal/Inzultz/functions/pubspec.yaml' (OS Error: No such file or directory, errno = 2)
#0      _checkForErrorResponse (dart:io/common.dart:55:9)
#1      _File.open.<anonymous closure> (dart:io/file_impl.dart:381:7)
#2      _rootRunUnary (dart:async/zone.dart:1407:47)
#3      _CustomZone.runUnary (dart:async/zone.dart:1308:19)
<asynchronous suspension>
#4      _File.readAsBytes.<anonymous closure> (dart:io/file_impl.dart:562:24)
<asynchronous suspension>
#5      _File.readAsString (dart:io/file_impl.dart:621:18)
<asynchronous suspension>
#6      parsePubspec (package:custom_lint/src/package_utils.dart:84:24)
<asynchronous suspension>
#7      CustomLintProject.parse (package:custom_lint/src/workspace.dart:980:28)
<asynchronous suspension>
#8      Future.wait.<anonymous closure> (dart:async/future.dart:518:21)
<asynchronous suspension>
#9      CustomLintWorkspace.fromContextRoots (package:custom_lint/src/workspace.dart:487:22)
<asynchronous suspension>
#10     SocketCustomLintServerToClientChannel.create (package:custom_lint/src/v2/server_to_client_channel.dart:54:23)
<asynchronous suspension>
#11     CustomLintServer._maybeSpawnCustomLintPlugin (package:custom_lint/src/v2/custom_lint_analyzer_plugin.dart:347:23)
<asynchronous suspension>
#12     CustomLintServer._handleAnalysisSetContextRoots.<anonymous closure> (package:custom_lint/src/v2/custom_lint_analyzer_plugin.dart:328:9)
<asynchronous suspension>
#13     PendingOperation.run (package:custom_lint/src/async_operation.dart:22:14)
<asynchronous suspension>
#14     CustomLintServer._handleRequest (package:custom_lint/src/v2/custom_lint_analyzer_plugin.dart:160:22)
<asynchronous suspension>

at:
#0      CustomLintProject.parse.<anonymous closure> (package:custom_lint/src/workspace.dart:983:7)
#1      _rootRunBinary (dart:async/zone.dart:1423:47)
#2      _CustomZone.runBinary (dart:async/zone.dart:1315:19)
#3      _FutureListener.handleError (dart:async/future_impl.dart:177:22)
#4      Future._propagateToListeners.handleError (dart:async/future_impl.dart:850:47)
#5      Future._propagateToListeners (dart:async/future_impl.dart:871:13)
#6      Future._completeError (dart:async/future_impl.dart:651:5)
<asynchronous suspension>

The request analysis.updateContent failed with the following error:
RequestErrorCode.PLUGIN_ERROR
Failed to read pubspec.yaml at /Users/joshuahoban/personal/Inzultz/functions:
PathNotFoundException: Cannot open file, path = '/Users/joshuahoban/personal/Inzultz/functions/pubspec.yaml' (OS Error: No such file or directory, errno = 2)
#0      _checkForErrorResponse (dart:io/common.dart:55:9)
#1      _File.open.<anonymous closure> (dart:io/file_impl.dart:381:7)
#2      _rootRunUnary (dart:async/zone.dart:1407:47)
#3      _CustomZone.runUnary (dart:async/zone.dart:1308:19)
<asynchronous suspension>
#4      _File.readAsBytes.<anonymous closure> (dart:io/file_impl.dart:562:24)
<asynchronous suspension>
#5      _File.readAsString (dart:io/file_impl.dart:621:18)
<asynchronous suspension>
#6      parsePubspec (package:custom_lint/src/package_utils.dart:84:24)
<asynchronous suspension>
#7      CustomLintProject.parse (package:custom_lint/src/workspace.dart:980:28)
<asynchronous suspension>
#8      Future.wait.<anonymous closure> (dart:async/future.dart:518:21)
<asynchronous suspension>
#9      CustomLintWorkspace.fromContextRoots (package:custom_lint/src/workspace.dart:487:22)
<asynchronous suspension>
#10     SocketCustomLintServerToClientChannel.create (package:custom_lint/src/v2/server_to_client_channel.dart:54:23)
<asynchronous suspension>
#11     CustomLintServer._maybeSpawnCustomLintPlugin (package:custom_lint/src/v2/custom_lint_analyzer_plugin.dart:347:23)
<asynchronous suspension>
#12     CustomLintServer._handleAnalysisSetContextRoots.<anonymous closure> (package:custom_lint/src/v2/custom_lint_analyzer_plugin.dart:328:9)
<asynchronous suspension>
#13     PendingOperation.run (package:custom_lint/src/async_operation.dart:22:14)
<asynchronous suspension>
#14     CustomLintServer._handleRequest (package:custom_lint/src/v2/custom_lint_analyzer_plugin.dart:160:22)
<asynchronous suspension>

at:
#0      CustomLintProject.parse.<anonymous closure> (package:custom_lint/src/workspace.dart:983:7)
#1      _rootRunBinary (dart:async/zone.dart:1423:47)
#2      _CustomZone.runBinary (dart:async/zone.dart:1315:19)
#3      _FutureListener.handleError (dart:async/future_impl.dart:177:22)
#4      Future._propagateToListeners.handleError (dart:async/future_impl.dart:850:47)
#5      Future._propagateToListeners (dart:async/future_impl.dart:871:13)
#6      Future._completeError (dart:async/future_impl.dart:651:5)
<asynchronous suspension>

The request analysis.setPriorityFiles failed with the following error:
RequestErrorCode.PLUGIN_ERROR
Failed to read pubspec.yaml at /Users/joshuahoban/personal/Inzultz/functions:
PathNotFoundException: Cannot open file, path = '/Users/joshuahoban/personal/Inzultz/functions/pubspec.yaml' (OS Error: No such file or directory, errno = 2)
#0      _checkForErrorResponse (dart:io/common.dart:55:9)
#1      _File.open.<anonymous closure> (dart:io/file_impl.dart:381:7)
#2      _rootRunUnary (dart:async/zone.dart:1407:47)
#3      _CustomZone.runUnary (dart:async/zone.dart:1308:19)
<asynchronous suspension>
#4      _File.readAsBytes.<anonymous closure> (dart:io/file_impl.dart:562:24)
<asynchronous suspension>
#5      _File.readAsString (dart:io/file_impl.dart:621:18)
<asynchronous suspension>
#6      parsePubspec (package:custom_lint/src/package_utils.dart:84:24)
<asynchronous suspension>
#7      CustomLintProject.parse (package:custom_lint/src/workspace.dart:980:28)
<asynchronous suspension>
#8      Future.wait.<anonymous closure> (dart:async/future.dart:518:21)
<asynchronous suspension>
#9      CustomLintWorkspace.fromContextRoots (package:custom_lint/src/workspace.dart:487:22)
<asynchronous suspension>
#10     SocketCustomLintServerToClientChannel.create (package:custom_lint/src/v2/server_to_client_channel.dart:54:23)
<asynchronous suspension>
#11     CustomLintServer._maybeSpawnCustomLintPlugin (package:custom_lint/src/v2/custom_lint_analyzer_plugin.dart:347:23)
<asynchronous suspension>
#12     CustomLintServer._handleAnalysisSetContextRoots.<anonymous closure> (package:custom_lint/src/v2/custom_lint_analyzer_plugin.dart:328:9)
<asynchronous suspension>
#13     PendingOperation.run (package:custom_lint/src/async_operation.dart:22:14)
<asynchronous suspension>
#14     CustomLintServer._handleRequest (package:custom_lint/src/v2/custom_lint_analyzer_plugin.dart:160:22)
<asynchronous suspension>

at:
#0      CustomLintProject.parse.<anonymous closure> (package:custom_lint/src/workspace.dart:983:7)
#1      _rootRunBinary (dart:async/zone.dart:1423:47)
#2      _CustomZone.runBinary (dart:async/zone.dart:1315:19)
#3      _FutureListener.handleError (dart:async/future_impl.dart:177:22)
#4      Future._propagateToListeners.handleError (dart:async/future_impl.dart:850:47)
#5      Future._propagateToListeners (dart:async/future_impl.dart:871:13)
#6      Future._completeError (dart:async/future_impl.dart:651:5)
<asynchronous suspension>

The request analysis.setSubscriptions failed with the following error:
RequestErrorCode.PLUGIN_ERROR
Failed to read pubspec.yaml at /Users/joshuahoban/personal/Inzultz/functions:
PathNotFoundException: Cannot open file, path = '/Users/joshuahoban/personal/Inzultz/functions/pubspec.yaml' (OS Error: No such file or directory, errno = 2)
#0      _checkForErrorResponse (dart:io/common.dart:55:9)
#1      _File.open.<anonymous closure> (dart:io/file_impl.dart:381:7)
#2      _rootRunUnary (dart:async/zone.dart:1407:47)
#3      _CustomZone.runUnary (dart:async/zone.dart:1308:19)
<asynchronous suspension>
#4      _File.readAsBytes.<anonymous closure> (dart:io/file_impl.dart:562:24)
<asynchronous suspension>
#5      _File.readAsString (dart:io/file_impl.dart:621:18)
<asynchronous suspension>
#6      parsePubspec (package:custom_lint/src/package_utils.dart:84:24)
<asynchronous suspension>
#7      CustomLintProject.parse (package:custom_lint/src/workspace.dart:980:28)
<asynchronous suspension>
#8      Future.wait.<anonymous closure> (dart:async/future.dart:518:21)
<asynchronous suspension>
#9      CustomLintWorkspace.fromContextRoots (package:custom_lint/src/workspace.dart:487:22)
<asynchronous suspension>
#10     SocketCustomLintServerToClientChannel.create (package:custom_lint/src/v2/server_to_client_channel.dart:54:23)
<asynchronous suspension>
#11     CustomLintServer._maybeSpawnCustomLintPlugin (package:custom_lint/src/v2/custom_lint_analyzer_plugin.dart:347:23)
<asynchronous suspension>
#12     CustomLintServer._handleAnalysisSetContextRoots.<anonymous closure> (package:custom_lint/src/v2/custom_lint_analyzer_plugin.dart:328:9)
<asynchronous suspension>
#13     PendingOperation.run (package:custom_lint/src/async_operation.dart:22:14)
<asynchronous suspension>
#14     CustomLintServer._handleRequest (package:custom_lint/src/v2/custom_lint_analyzer_plugin.dart:160:22)
<asynchronous suspension>

at:
#0      CustomLintProject.parse.<anonymous closure> (package:custom_lint/src/workspace.dart:983:7)
#1      _rootRunBinary (dart:async/zone.dart:1423:47)
#2      _CustomZone.runBinary (dart:async/zone.dart:1315:19)
#3      _FutureListener.handleError (dart:async/future_impl.dart:177:22)
#4      Future._propagateToListeners.handleError (dart:async/future_impl.dart:850:47)
#5      Future._propagateToListeners (dart:async/future_impl.dart:871:13)
#6      Future._completeError (dart:async/future_impl.dart:651:5)
<asynchronous suspension>

The request analysis.updateContent failed with the following error:
RequestErrorCode.PLUGIN_ERROR
Failed to read pubspec.yaml at /Users/joshuahoban/personal/Inzultz/functions:
PathNotFoundException: Cannot open file, path = '/Users/joshuahoban/personal/Inzultz/functions/pubspec.yaml' (OS Error: No such file or directory, errno = 2)
#0      _checkForErrorResponse (dart:io/common.dart:55:9)
#1      _File.open.<anonymous closure> (dart:io/file_impl.dart:381:7)
#2      _rootRunUnary (dart:async/zone.dart:1407:47)
#3      _CustomZone.runUnary (dart:async/zone.dart:1308:19)
<asynchronous suspension>
#4      _File.readAsBytes.<anonymous closure> (dart:io/file_impl.dart:562:24)
<asynchronous suspension>
#5      _File.readAsString (dart:io/file_impl.dart:621:18)
<asynchronous suspension>
#6      parsePubspec (package:custom_lint/src/package_utils.dart:84:24)
<asynchronous suspension>
#7      CustomLintProject.parse (package:custom_lint/src/workspace.dart:980:28)
<asynchronous suspension>
#8      Future.wait.<anonymous closure> (dart:async/future.dart:518:21)
<asynchronous suspension>
#9      CustomLintWorkspace.fromContextRoots (package:custom_lint/src/workspace.dart:487:22)
<asynchronous suspension>
#10     SocketCustomLintServerToClientChannel.create (package:custom_lint/src/v2/server_to_client_channel.dart:54:23)
<asynchronous suspension>
#11     CustomLintServer._maybeSpawnCustomLintPlugin (package:custom_lint/src/v2/custom_lint_analyzer_plugin.dart:347:23)
<asynchronous suspension>
#12     CustomLintServer._handleAnalysisSetContextRoots.<anonymous closure> (package:custom_lint/src/v2/custom_lint_analyzer_plugin.dart:328:9)
<asynchronous suspension>
#13     PendingOperation.run (package:custom_lint/src/async_operation.dart:22:14)
<asynchronous suspension>
#14     CustomLintServer._handleRequest (package:custom_lint/src/v2/custom_lint_analyzer_plugin.dart:160:22)
<asynchronous suspension>

at:
#0      CustomLintProject.parse.<anonymous closure> (package:custom_lint/src/workspace.dart:983:7)
#1      _rootRunBinary (dart:async/zone.dart:1423:47)
#2      _CustomZone.runBinary (dart:async/zone.dart:1315:19)
#3      _FutureListener.handleError (dart:async/future_impl.dart:177:22)
#4      Future._propagateToListeners.handleError (dart:async/future_impl.dart:850:47)
#5      Future._propagateToListeners (dart:async/future_impl.dart:871:13)
#6      Future._completeError (dart:async/future_impl.dart:651:5)
<asynchronous suspension>

The request analysis.setPriorityFiles failed with the following error:
RequestErrorCode.PLUGIN_ERROR
Failed to read pubspec.yaml at /Users/joshuahoban/personal/Inzultz/functions:
PathNotFoundException: Cannot open file, path = '/Users/joshuahoban/personal/Inzultz/functions/pubspec.yaml' (OS Error: No such file or directory, errno = 2)
#0      _checkForErrorResponse (dart:io/common.dart:55:9)
#1      _File.open.<anonymous closure> (dart:io/file_impl.dart:381:7)
#2      _rootRunUnary (dart:async/zone.dart:1407:47)
#3      _CustomZone.runUnary (dart:async/zone.dart:1308:19)
<asynchronous suspension>
#4      _File.readAsBytes.<anonymous closure> (dart:io/file_impl.dart:562:24)
<asynchronous suspension>
#5      _File.readAsString (dart:io/file_impl.dart:621:18)
<asynchronous suspension>
#6      parsePubspec (package:custom_lint/src/package_utils.dart:84:24)
<asynchronous suspension>
#7      CustomLintProject.parse (package:custom_lint/src/workspace.dart:980:28)
<asynchronous suspension>
#8      Future.wait.<anonymous closure> (dart:async/future.dart:518:21)
<asynchronous suspension>
#9      CustomLintWorkspace.fromContextRoots (package:custom_lint/src/workspace.dart:487:22)
<asynchronous suspension>
#10     SocketCustomLintServerToClientChannel.create (package:custom_lint/src/v2/server_to_client_channel.dart:54:23)
<asynchronous suspension>
#11     CustomLintServer._maybeSpawnCustomLintPlugin (package:custom_lint/src/v2/custom_lint_analyzer_plugin.dart:347:23)
<asynchronous suspension>
#12     CustomLintServer._handleAnalysisSetContextRoots.<anonymous closure> (package:custom_lint/src/v2/custom_lint_analyzer_plugin.dart:328:9)
<asynchronous suspension>
#13     PendingOperation.run (package:custom_lint/src/async_operation.dart:22:14)
<asynchronous suspension>
#14     CustomLintServer._handleRequest (package:custom_lint/src/v2/custom_lint_analyzer_plugin.dart:160:22)
<asynchronous suspension>

at:
#0      CustomLintProject.parse.<anonymous closure> (package:custom_lint/src/workspace.dart:983:7)
#1      _rootRunBinary (dart:async/zone.dart:1423:47)
#2      _CustomZone.runBinary (dart:async/zone.dart:1315:19)
#3      _FutureListener.handleError (dart:async/future_impl.dart:177:22)
#4      Future._propagateToListeners.handleError (dart:async/future_impl.dart:850:47)
#5      Future._propagateToListeners (dart:async/future_impl.dart:871:13)
#6      Future._completeError (dart:async/future_impl.dart:651:5)
<asynchronous suspension>

The request analysis.setSubscriptions failed with the following error:
RequestErrorCode.PLUGIN_ERROR
Failed to read pubspec.yaml at /Users/joshuahoban/personal/Inzultz/functions:
PathNotFoundException: Cannot open file, path = '/Users/joshuahoban/personal/Inzultz/functions/pubspec.yaml' (OS Error: No such file or directory, errno = 2)
#0      _checkForErrorResponse (dart:io/common.dart:55:9)
#1      _File.open.<anonymous closure> (dart:io/file_impl.dart:381:7)
#2      _rootRunUnary (dart:async/zone.dart:1407:47)
#3      _CustomZone.runUnary (dart:async/zone.dart:1308:19)
<asynchronous suspension>
#4      _File.readAsBytes.<anonymous closure> (dart:io/file_impl.dart:562:24)
<asynchronous suspension>
#5      _File.readAsString (dart:io/file_impl.dart:621:18)
<asynchronous suspension>
#6      parsePubspec (package:custom_lint/src/package_utils.dart:84:24)
<asynchronous suspension>
#7      CustomLintProject.parse (package:custom_lint/src/workspace.dart:980:28)
<asynchronous suspension>
#8      Future.wait.<anonymous closure> (dart:async/future.dart:518:21)
<asynchronous suspension>
#9      CustomLintWorkspace.fromContextRoots (package:custom_lint/src/workspace.dart:487:22)
<asynchronous suspension>
#10     SocketCustomLintServerToClientChannel.create (package:custom_lint/src/v2/server_to_client_channel.dart:54:23)
<asynchronous suspension>
#11     CustomLintServer._maybeSpawnCustomLintPlugin (package:custom_lint/src/v2/custom_lint_analyzer_plugin.dart:347:23)
<asynchronous suspension>
#12     CustomLintServer._handleAnalysisSetContextRoots.<anonymous closure> (package:custom_lint/src/v2/custom_lint_analyzer_plugin.dart:328:9)
<asynchronous suspension>
#13     PendingOperation.run (package:custom_lint/src/async_operation.dart:22:14)
<asynchronous suspension>
#14     CustomLintServer._handleRequest (package:custom_lint/src/v2/custom_lint_analyzer_plugin.dart:160:22)
<asynchronous suspension>

at:
#0      CustomLintProject.parse.<anonymous closure> (package:custom_lint/src/workspace.dart:983:7)
#1      _rootRunBinary (dart:async/zone.dart:1423:47)
#2      _CustomZone.runBinary (dart:async/zone.dart:1315:19)
#3      _FutureListener.handleError (dart:async/future_impl.dart:177:22)
#4      Future._propagateToListeners.handleError (dart:async/future_impl.dart:850:47)
#5      Future._propagateToListeners (dart:async/future_impl.dart:871:13)
#6      Future._completeError (dart:async/future_impl.dart:651:5)
<asynchronous suspension>

The request analysis.updateContent failed with the following error:
RequestErrorCode.PLUGIN_ERROR
Failed to read pubspec.yaml at /Users/joshuahoban/personal/Inzultz/functions:
PathNotFoundException: Cannot open file, path = '/Users/joshuahoban/personal/Inzultz/functions/pubspec.yaml' (OS Error: No such file or directory, errno = 2)
#0      _checkForErrorResponse (dart:io/common.dart:55:9)
#1      _File.open.<anonymous closure> (dart:io/file_impl.dart:381:7)
#2      _rootRunUnary (dart:async/zone.dart:1407:47)
#3      _CustomZone.runUnary (dart:async/zone.dart:1308:19)
<asynchronous suspension>
#4      _File.readAsBytes.<anonymous closure> (dart:io/file_impl.dart:562:24)
<asynchronous suspension>
#5      _File.readAsString (dart:io/file_impl.dart:621:18)
<asynchronous suspension>
#6      parsePubspec (package:custom_lint/src/package_utils.dart:84:24)
<asynchronous suspension>
#7      CustomLintProject.parse (package:custom_lint/src/workspace.dart:980:28)
<asynchronous suspension>
#8      Future.wait.<anonymous closure> (dart:async/future.dart:518:21)
<asynchronous suspension>
#9      CustomLintWorkspace.fromContextRoots (package:custom_lint/src/workspace.dart:487:22)
<asynchronous suspension>
#10     SocketCustomLintServerToClientChannel.create (package:custom_lint/src/v2/server_to_client_channel.dart:54:23)
<asynchronous suspension>
#11     CustomLintServer._maybeSpawnCustomLintPlugin (package:custom_lint/src/v2/custom_lint_analyzer_plugin.dart:347:23)
<asynchronous suspension>
#12     CustomLintServer._handleAnalysisSetContextRoots.<anonymous closure> (package:custom_lint/src/v2/custom_lint_analyzer_plugin.dart:328:9)
<asynchronous suspension>
#13     PendingOperation.run (package:custom_lint/src/async_operation.dart:22:14)
<asynchronous suspension>
#14     CustomLintServer._handleRequest (package:custom_lint/src/v2/custom_lint_analyzer_plugin.dart:160:22)
<asynchronous suspension>

at:
#0      CustomLintProject.parse.<anonymous closure> (package:custom_lint/src/workspace.dart:983:7)
#1      _rootRunBinary (dart:async/zone.dart:1423:47)
#2      _CustomZone.runBinary (dart:async/zone.dart:1315:19)
#3      _FutureListener.handleError (dart:async/future_impl.dart:177:22)
#4      Future._propagateToListeners.handleError (dart:async/future_impl.dart:850:47)
#5      Future._propagateToListeners (dart:async/future_impl.dart:871:13)
#6      Future._completeError (dart:async/future_impl.dart:651:5)
<asynchronous suspension>

The request analysis.setPriorityFiles failed with the following error:
RequestErrorCode.PLUGIN_ERROR
Failed to read pubspec.yaml at /Users/joshuahoban/personal/Inzultz/functions:
PathNotFoundException: Cannot open file, path = '/Users/joshuahoban/personal/Inzultz/functions/pubspec.yaml' (OS Error: No such file or directory, errno = 2)
#0      _checkForErrorResponse (dart:io/common.dart:55:9)
#1      _File.open.<anonymous closure> (dart:io/file_impl.dart:381:7)
#2      _rootRunUnary (dart:async/zone.dart:1407:47)
#3      _CustomZone.runUnary (dart:async/zone.dart:1308:19)
<asynchronous suspension>
#4      _File.readAsBytes.<anonymous closure> (dart:io/file_impl.dart:562:24)
<asynchronous suspension>
#5      _File.readAsString (dart:io/file_impl.dart:621:18)
<asynchronous suspension>
#6      parsePubspec (package:custom_lint/src/package_utils.dart:84:24)
<asynchronous suspension>
#7      CustomLintProject.parse (package:custom_lint/src/workspace.dart:980:28)
<asynchronous suspension>
#8      Future.wait.<anonymous closure> (dart:async/future.dart:518:21)
<asynchronous suspension>
#9      CustomLintWorkspace.fromContextRoots (package:custom_lint/src/workspace.dart:487:22)
<asynchronous suspension>
#10     SocketCustomLintServerToClientChannel.create (package:custom_lint/src/v2/server_to_client_channel.dart:54:23)
<asynchronous suspension>
#11     CustomLintServer._maybeSpawnCustomLintPlugin (package:custom_lint/src/v2/custom_lint_analyzer_plugin.dart:347:23)
<asynchronous suspension>
#12     CustomLintServer._handleAnalysisSetContextRoots.<anonymous closure> (package:custom_lint/src/v2/custom_lint_analyzer_plugin.dart:328:9)
<asynchronous suspension>
#13     PendingOperation.run (package:custom_lint/src/async_operation.dart:22:14)
<asynchronous suspension>
#14     CustomLintServer._handleRequest (package:custom_lint/src/v2/custom_lint_analyzer_plugin.dart:160:22)
<asynchronous suspension>

at:
#0      CustomLintProject.parse.<anonymous closure> (package:custom_lint/src/workspace.dart:983:7)
#1      _rootRunBinary (dart:async/zone.dart:1423:47)
#2      _CustomZone.runBinary (dart:async/zone.dart:1315:19)
#3      _FutureListener.handleError (dart:async/future_impl.dart:177:22)
#4      Future._propagateToListeners.handleError (dart:async/future_impl.dart:850:47)
#5      Future._propagateToListeners (dart:async/future_impl.dart:871:13)
#6      Future._completeError (dart:async/future_impl.dart:651:5)
<asynchronous suspension>

The request analysis.setSubscriptions failed with the following error:
RequestErrorCode.PLUGIN_ERROR
Failed to read pubspec.yaml at /Users/joshuahoban/personal/Inzultz/functions:
PathNotFoundException: Cannot open file, path = '/Users/joshuahoban/personal/Inzultz/functions/pubspec.yaml' (OS Error: No such file or directory, errno = 2)
#0      _checkForErrorResponse (dart:io/common.dart:55:9)
#1      _File.open.<anonymous closure> (dart:io/file_impl.dart:381:7)
#2      _rootRunUnary (dart:async/zone.dart:1407:47)
#3      _CustomZone.runUnary (dart:async/zone.dart:1308:19)
<asynchronous suspension>
#4      _File.readAsBytes.<anonymous closure> (dart:io/file_impl.dart:562:24)
<asynchronous suspension>
#5      _File.readAsString (dart:io/file_impl.dart:621:18)
<asynchronous suspension>
#6      parsePubspec (package:custom_lint/src/package_utils.dart:84:24)
<asynchronous suspension>
#7      CustomLintProject.parse (package:custom_lint/src/workspace.dart:980:28)
<asynchronous suspension>
#8      Future.wait.<anonymous closure> (dart:async/future.dart:518:21)
<asynchronous suspension>
#9      CustomLintWorkspace.fromContextRoots (package:custom_lint/src/workspace.dart:487:22)
<asynchronous suspension>
#10     SocketCustomLintServerToClientChannel.create (package:custom_lint/src/v2/server_to_client_channel.dart:54:23)
<asynchronous suspension>
#11     CustomLintServer._maybeSpawnCustomLintPlugin (package:custom_lint/src/v2/custom_lint_analyzer_plugin.dart:347:23)
<asynchronous suspension>
#12     CustomLintServer._handleAnalysisSetContextRoots.<anonymous closure> (package:custom_lint/src/v2/custom_lint_analyzer_plugin.dart:328:9)
<asynchronous suspension>
#13     PendingOperation.run (package:custom_lint/src/async_operation.dart:22:14)
<asynchronous suspension>
#14     CustomLintServer._handleRequest (package:custom_lint/src/v2/custom_lint_analyzer_plugin.dart:160:22)
<asynchronous suspension>

at:
#0      CustomLintProject.parse.<anonymous closure> (package:custom_lint/src/workspace.dart:983:7)
#1      _rootRunBinary (dart:async/zone.dart:1423:47)
#2      _CustomZone.runBinary (dart:async/zone.dart:1315:19)
#3      _FutureListener.handleError (dart:async/future_impl.dart:177:22)
#4      Future._propagateToListeners.handleError (dart:async/future_impl.dart:850:47)
#5      Future._propagateToListeners (dart:async/future_impl.dart:871:13)
#6      Future._completeError (dart:async/future_impl.dart:651:5)
<asynchronous suspension>

